<?xml version="1.0" encoding="UTF-8"?>
<!-- Generated by org.testng.reporters.JUnitXMLReporter -->
<testsuite ignored="0" hostname="LAPTOP-274IQSMN" failures="3" tests="3" name="Testing" time="0.115" errors="0" timestamp="2022-02-11T23:04:17 EST">
  <testcase classname="testing.RecipeScrappingTest" name="recipeScrapping" time="0.046">
    <failure type="java.lang.Error" message="Unresolved compilation problems: 
	SubLinksObjects cannot be resolved to a type
	SubLinksObjects cannot be resolved to a type
	The method setDataExcel(String, String, String, String, String, String, String) is undefined for the type ExcelUtils
">
      <![CDATA[java.lang.Error: Unresolved compilation problems: 
SubLinksObjects cannot be resolved to a type
SubLinksObjects cannot be resolved to a type
The method setDataExcel(String, String, String, String, String, String, String) is undefined for the type ExcelUtils

at testing.RecipeScrappingTest.recipeScrapping(RecipeScrappingTest.java:36)
at java.base/java.util.concurrent.ThreadPoolExecutor.runWorker(ThreadPoolExecutor.java:1130)
at java.base/java.util.concurrent.ThreadPoolExecutor$Worker.run(ThreadPoolExecutor.java:630)
at java.base/java.lang.Thread.run(Thread.java:831)
... Removed 12 stack frames]]>
    </failure>
  </testcase> <!-- recipeScrapping -->
  <testcase classname="testing.Diabetictest" name="recipeScrappingDiabetic" time="0.073">
    <failure type="java.lang.IllegalStateException" message="The driver executable must exist: C:\Users\balad\eclipse-workspace\RecipeScrapping\driver\chromedriver1.exe">
      <![CDATA[java.lang.IllegalStateException: The driver executable must exist: C:\Users\balad\eclipse-workspace\RecipeScrapping\driver\chromedriver1.exe
at org.openqa.selenium.internal.Require$FileStateChecker.isFile(Require.java:315)
at org.openqa.selenium.remote.service.DriverService.checkExecutable(DriverService.java:144)
at org.openqa.selenium.remote.service.DriverService.findExecutable(DriverService.java:139)
at org.openqa.selenium.chrome.ChromeDriverService.access$000(ChromeDriverService.java:38)
at org.openqa.selenium.chrome.ChromeDriverService$Builder.findDefaultExecutable(ChromeDriverService.java:231)
at org.openqa.selenium.remote.service.DriverService$Builder.build(DriverService.java:434)
at org.openqa.selenium.chrome.ChromeDriverService.createDefaultService(ChromeDriverService.java:127)
at org.openqa.selenium.chrome.ChromeDriver.<init>(ChromeDriver.java:46)
at testing.Diabetictest.recipeScrappingDiabetic(Diabetictest.java:33)
at java.base/java.util.concurrent.ThreadPoolExecutor.runWorker(ThreadPoolExecutor.java:1130)
at java.base/java.util.concurrent.ThreadPoolExecutor$Worker.run(ThreadPoolExecutor.java:630)
at java.base/java.lang.Thread.run(Thread.java:831)
... Removed 12 stack frames]]>
    </failure>
  </testcase> <!-- recipeScrappingDiabetic -->
  <testcase classname="testing.ToddlerTest" name="recipeScrappingToddler" time="0.073">
    <failure type="java.lang.IllegalStateException" message="The driver executable must exist: C:\Users\balad\eclipse-workspace\RecipeScrapping\driver\chromedriver1.exe">
      <![CDATA[java.lang.IllegalStateException: The driver executable must exist: C:\Users\balad\eclipse-workspace\RecipeScrapping\driver\chromedriver1.exe
at org.openqa.selenium.internal.Require$FileStateChecker.isFile(Require.java:315)
at org.openqa.selenium.remote.service.DriverService.checkExecutable(DriverService.java:144)
at org.openqa.selenium.remote.service.DriverService.findExecutable(DriverService.java:139)
at org.openqa.selenium.chrome.ChromeDriverService.access$000(ChromeDriverService.java:38)
at org.openqa.selenium.chrome.ChromeDriverService$Builder.findDefaultExecutable(ChromeDriverService.java:231)
at org.openqa.selenium.remote.service.DriverService$Builder.build(DriverService.java:434)
at org.openqa.selenium.chrome.ChromeDriverService.createDefaultService(ChromeDriverService.java:127)
at org.openqa.selenium.chrome.ChromeDriver.<init>(ChromeDriver.java:46)
at testing.ToddlerTest.recipeScrappingToddler(ToddlerTest.java:36)
at java.base/java.util.concurrent.ThreadPoolExecutor.runWorker(ThreadPoolExecutor.java:1130)
at java.base/java.util.concurrent.ThreadPoolExecutor$Worker.run(ThreadPoolExecutor.java:630)
at java.base/java.lang.Thread.run(Thread.java:831)
... Removed 12 stack frames]]>
    </failure>
  </testcase> <!-- recipeScrappingToddler -->
</testsuite> <!-- Testing -->
