<?xml version="1.0" encoding="UTF-8"?>
<testng-results ignored="0" total="3" passed="0" failed="3" skipped="0">
  <reporter-output>
  </reporter-output>
  <suite started-at="2022-02-12T14:40:05 EST" name="Suite" finished-at="2022-02-12T14:42:44 EST" duration-ms="159336">
    <groups>
    </groups>
    <test started-at="2022-02-12T14:40:05 EST" name="Test" finished-at="2022-02-12T14:42:44 EST" duration-ms="159336">
      <class name="test.HealthDiabeticRecipesTest">
        <test-method signature="recipeScrappingHealthDiabeticRecipes()[pri:0, instance:test.HealthDiabeticRecipesTest@1530c739]" started-at="2022-02-12T14:40:05 EST" name="recipeScrappingHealthDiabeticRecipes" finished-at="2022-02-12T14:42:44 EST" duration-ms="159307" status="FAIL">
          <exception class="org.openqa.selenium.NoSuchElementException">
            <message>
              <![CDATA[Unable to find element with locator By.xpath: //*[@id='show_breadcrumb']/div/span[5]/a
For documentation on this error, please visit: https://selenium.dev/exceptions/#no_such_element
Build info: version: '4.0.0', revision: '3a21814679'
System info: host: 'LAPTOP-274IQSMN', ip: '192.168.2.37', os.name: 'Windows 10', os.arch: 'amd64', os.version: '10.0', java.version: '16.0.2'
Driver info: driver.version: RemoteWebDriver]]>
            </message>
            <full-stacktrace>
              <![CDATA[org.openqa.selenium.NoSuchElementException: Unable to find element with locator By.xpath: //*[@id='show_breadcrumb']/div/span[5]/a
For documentation on this error, please visit: https://selenium.dev/exceptions/#no_such_element
Build info: version: '4.0.0', revision: '3a21814679'
System info: host: 'LAPTOP-274IQSMN', ip: '192.168.2.37', os.name: 'Windows 10', os.arch: 'amd64', os.version: '10.0', java.version: '16.0.2'
Driver info: driver.version: RemoteWebDriver
at org.openqa.selenium.remote.ElementLocation$ElementFinder$2.findElement(ElementLocation.java:165)
at org.openqa.selenium.remote.ElementLocation.findElement(ElementLocation.java:60)
at org.openqa.selenium.remote.RemoteWebDriver.findElement(RemoteWebDriver.java:383)
at org.openqa.selenium.remote.RemoteWebDriver.findElement(RemoteWebDriver.java:375)
at objectRepository.RecipePageObjects.getcategory(RecipePageObjects.java:63)
at test.Commonscrapping.scrapAndWriteExcel(Commonscrapping.java:44)
at test.HealthDiabeticRecipesTest.recipeScrappingHealthDiabeticRecipes(HealthDiabeticRecipesTest.java:50)
at java.base/jdk.internal.reflect.NativeMethodAccessorImpl.invoke0(Native Method)
at java.base/jdk.internal.reflect.NativeMethodAccessorImpl.invoke(NativeMethodAccessorImpl.java:78)
at java.base/jdk.internal.reflect.DelegatingMethodAccessorImpl.invoke(DelegatingMethodAccessorImpl.java:43)
at java.base/java.lang.reflect.Method.invoke(Method.java:567)
at org.testng.internal.MethodInvocationHelper.invokeMethod(MethodInvocationHelper.java:133)
at org.testng.internal.TestInvoker.invokeMethod(TestInvoker.java:598)
at org.testng.internal.TestInvoker.invokeTestMethod(TestInvoker.java:173)
at org.testng.internal.MethodRunner.runInSequence(MethodRunner.java:46)
at org.testng.internal.TestInvoker$MethodInvocationAgent.invoke(TestInvoker.java:824)
at org.testng.internal.TestInvoker.invokeTestMethods(TestInvoker.java:146)
at org.testng.internal.TestMethodWorker.invokeTestMethods(TestMethodWorker.java:146)
at org.testng.internal.TestMethodWorker.run(TestMethodWorker.java:128)
at java.base/java.util.concurrent.ThreadPoolExecutor.runWorker(ThreadPoolExecutor.java:1130)
at java.base/java.util.concurrent.ThreadPoolExecutor$Worker.run(ThreadPoolExecutor.java:630)
at java.base/java.lang.Thread.run(Thread.java:831)
]]>
            </full-stacktrace>
          </exception> <!-- org.openqa.selenium.NoSuchElementException -->
          <reporter-output>
          </reporter-output>
        </test-method> <!-- recipeScrappingHealthDiabeticRecipes -->
      </class> <!-- test.HealthDiabeticRecipesTest -->
      <class name="test.SouthIndianRecipesTest">
        <test-method signature="recipeScrappingSouthIndian()[pri:0, instance:test.SouthIndianRecipesTest@3e27aa33]" started-at="2022-02-12T14:40:05 EST" name="recipeScrappingSouthIndian" finished-at="2022-02-12T14:40:20 EST" duration-ms="14656" status="FAIL">
          <exception class="java.lang.AssertionError">
            <full-stacktrace>
              <![CDATA[java.lang.AssertionError
at org.apache.xmlbeans.impl.store.Locale.embedCurs(Locale.java:1974)
at org.apache.xmlbeans.impl.store.Cur.moveNode(Cur.java:1923)
at org.apache.xmlbeans.impl.store.Cur.moveNode(Cur.java:1818)
at org.apache.xmlbeans.impl.store.Cur.createHelper(Cur.java:350)
at org.apache.xmlbeans.impl.store.Cur.createElement(Cur.java:275)
at org.apache.xmlbeans.impl.store.Cur.createElement(Cur.java:271)
at org.apache.xmlbeans.impl.store.Xobj.insertElement(Xobj.java:2011)
at org.apache.xmlbeans.impl.store.Xobj.insert_element_user(Xobj.java:2039)
at org.apache.xmlbeans.impl.values.XmlComplexContentImpl.arraySetterHelper(XmlComplexContentImpl.java:373)
at org.apache.xmlbeans.impl.values.XmlComplexContentImpl.arraySetterHelper(XmlComplexContentImpl.java:311)
at org.openxmlformats.schemas.spreadsheetml.x2006.main.impl.CTCellXfsImpl.setXfArray(CTCellXfsImpl.java:89)
at org.apache.poi.xssf.model.StylesTable.writeTo(StylesTable.java:692)
at org.apache.poi.xssf.model.StylesTable.commit(StylesTable.java:730)
at org.apache.poi.ooxml.POIXMLDocumentPart.onSave(POIXMLDocumentPart.java:467)
at org.apache.poi.ooxml.POIXMLDocumentPart.onSave(POIXMLDocumentPart.java:472)
at org.apache.poi.ooxml.POIXMLDocument.write(POIXMLDocument.java:221)
at utils.ExcelUtils.setCellData(ExcelUtils.java:86)
at utils.ExcelUtils.writeheader(ExcelUtils.java:100)
at test.Commonscrapping.scrapAndWriteExcel(Commonscrapping.java:28)
at test.SouthIndianRecipesTest.recipeScrappingSouthIndian(SouthIndianRecipesTest.java:49)
at java.base/jdk.internal.reflect.NativeMethodAccessorImpl.invoke0(Native Method)
at java.base/jdk.internal.reflect.NativeMethodAccessorImpl.invoke(NativeMethodAccessorImpl.java:78)
at java.base/jdk.internal.reflect.DelegatingMethodAccessorImpl.invoke(DelegatingMethodAccessorImpl.java:43)
at java.base/java.lang.reflect.Method.invoke(Method.java:567)
at org.testng.internal.MethodInvocationHelper.invokeMethod(MethodInvocationHelper.java:133)
at org.testng.internal.TestInvoker.invokeMethod(TestInvoker.java:598)
at org.testng.internal.TestInvoker.invokeTestMethod(TestInvoker.java:173)
at org.testng.internal.MethodRunner.runInSequence(MethodRunner.java:46)
at org.testng.internal.TestInvoker$MethodInvocationAgent.invoke(TestInvoker.java:824)
at org.testng.internal.TestInvoker.invokeTestMethods(TestInvoker.java:146)
at org.testng.internal.TestMethodWorker.invokeTestMethods(TestMethodWorker.java:146)
at org.testng.internal.TestMethodWorker.run(TestMethodWorker.java:128)
at java.base/java.util.concurrent.ThreadPoolExecutor.runWorker(ThreadPoolExecutor.java:1130)
at java.base/java.util.concurrent.ThreadPoolExecutor$Worker.run(ThreadPoolExecutor.java:630)
at java.base/java.lang.Thread.run(Thread.java:831)
]]>
            </full-stacktrace>
          </exception> <!-- java.lang.AssertionError -->
          <reporter-output>
          </reporter-output>
        </test-method> <!-- recipeScrappingSouthIndian -->
      </class> <!-- test.SouthIndianRecipesTest -->
      <class name="test.PunjabiRecipesTest">
        <test-method signature="recipeScrappingPunjabi()[pri:0, instance:test.PunjabiRecipesTest@5b1669c0]" started-at="2022-02-12T14:40:05 EST" name="recipeScrappingPunjabi" finished-at="2022-02-12T14:40:23 EST" duration-ms="18026" status="FAIL">
          <exception class="java.lang.AssertionError">
            <full-stacktrace>
              <![CDATA[java.lang.AssertionError
at org.apache.xmlbeans.impl.store.Cur.isNode(Cur.java:158)
at org.apache.xmlbeans.impl.store.Cur.contains(Cur.java:1631)
at org.apache.xmlbeans.impl.store.Cur.moveNode(Cur.java:1800)
at org.apache.xmlbeans.impl.store.Cur.createHelper(Cur.java:350)
at org.apache.xmlbeans.impl.store.Cur.createElement(Cur.java:275)
at org.apache.xmlbeans.impl.store.Cur.createElement(Cur.java:271)
at org.apache.xmlbeans.impl.store.Xobj.insertElement(Xobj.java:2011)
at org.apache.xmlbeans.impl.store.Xobj.insert_element_user(Xobj.java:2039)
at org.apache.xmlbeans.impl.values.XmlComplexContentImpl.arraySetterHelper(XmlComplexContentImpl.java:373)
at org.apache.xmlbeans.impl.values.XmlComplexContentImpl.arraySetterHelper(XmlComplexContentImpl.java:311)
at org.openxmlformats.schemas.spreadsheetml.x2006.main.impl.CTCellXfsImpl.setXfArray(CTCellXfsImpl.java:89)
at org.apache.poi.xssf.model.StylesTable.writeTo(StylesTable.java:692)
at org.apache.poi.xssf.model.StylesTable.commit(StylesTable.java:730)
at org.apache.poi.ooxml.POIXMLDocumentPart.onSave(POIXMLDocumentPart.java:467)
at org.apache.poi.ooxml.POIXMLDocumentPart.onSave(POIXMLDocumentPart.java:472)
at org.apache.poi.ooxml.POIXMLDocument.write(POIXMLDocument.java:221)
at utils.ExcelUtils.setCellData(ExcelUtils.java:86)
at test.Commonscrapping.scrapAndWriteExcel(Commonscrapping.java:59)
at test.PunjabiRecipesTest.recipeScrappingPunjabi(PunjabiRecipesTest.java:44)
at java.base/jdk.internal.reflect.NativeMethodAccessorImpl.invoke0(Native Method)
at java.base/jdk.internal.reflect.NativeMethodAccessorImpl.invoke(NativeMethodAccessorImpl.java:78)
at java.base/jdk.internal.reflect.DelegatingMethodAccessorImpl.invoke(DelegatingMethodAccessorImpl.java:43)
at java.base/java.lang.reflect.Method.invoke(Method.java:567)
at org.testng.internal.MethodInvocationHelper.invokeMethod(MethodInvocationHelper.java:133)
at org.testng.internal.TestInvoker.invokeMethod(TestInvoker.java:598)
at org.testng.internal.TestInvoker.invokeTestMethod(TestInvoker.java:173)
at org.testng.internal.MethodRunner.runInSequence(MethodRunner.java:46)
at org.testng.internal.TestInvoker$MethodInvocationAgent.invoke(TestInvoker.java:824)
at org.testng.internal.TestInvoker.invokeTestMethods(TestInvoker.java:146)
at org.testng.internal.TestMethodWorker.invokeTestMethods(TestMethodWorker.java:146)
at org.testng.internal.TestMethodWorker.run(TestMethodWorker.java:128)
at java.base/java.util.concurrent.ThreadPoolExecutor.runWorker(ThreadPoolExecutor.java:1130)
at java.base/java.util.concurrent.ThreadPoolExecutor$Worker.run(ThreadPoolExecutor.java:630)
at java.base/java.lang.Thread.run(Thread.java:831)
]]>
            </full-stacktrace>
          </exception> <!-- java.lang.AssertionError -->
          <reporter-output>
          </reporter-output>
        </test-method> <!-- recipeScrappingPunjabi -->
      </class> <!-- test.PunjabiRecipesTest -->
    </test> <!-- Test -->
  </suite> <!-- Suite -->
</testng-results>
